<?xml version="1.0" encoding="UTF-8"?>
<testng-results skipped="0" failed="0" ignored="0" total="1" passed="1">
  <reporter-output>
  </reporter-output>
  <suite name="Default suite" duration-ms="11504" started-at="2019-09-05T12:30:27Z" finished-at="2019-09-05T12:30:38Z">
    <groups>
    </groups>
    <test name="Default test" duration-ms="11504" started-at="2019-09-05T12:30:27Z" finished-at="2019-09-05T12:30:38Z">
      <class name="com.begining.BasicTest">
        <test-method status="PASS" signature="test()[pri:0, instance:com.begining.BasicTest@548a9f61]" name="test" duration-ms="11430" started-at="2019-09-05T12:30:27Z" finished-at="2019-09-05T12:30:38Z">
          <reporter-output>
          </reporter-output>
        </test-method> <!-- test -->
      </class> <!-- com.begining.BasicTest -->
    </test> <!-- Default test -->
  </suite> <!-- Default suite -->
</testng-results>
